INFO:pygigicar:

Starting GIGICA at 2024-01-04 19:44:58.557263
INFO:pygigicar:Reference size (162, 58104)	Signal size (53, 58104)
INFO:pygigicar:Performing PCA reduction on signal
INFO:pygigicar:Performing PCA for 162 components
INFO:pygigicar:Whitening source signal
INFO:pygigicar:Done whitening
INFO:pygigicar:Done projecting
INFO:pygigicar:Normalizing...
INFO:pygigicar:Normalizing source signal
INFO:pygigicar:Computing negentropy
INFO:pygigicar:Starting with EGv=0.374567
INFO:pygigicar:gigicar component: 0/53
INFO:root:(161, 58104)
INFO:pygigicar:

Starting GIGICA at 2024-01-05 19:56:28.135522
INFO:pygigicar:Reference size (162, 58104)	Signal size (53, 58104)
INFO:pygigicar:Performing PCA reduction on signal
INFO:pygigicar:Performing PCA for 162 components
INFO:pygigicar:Whitening source signal
INFO:pygigicar:Done whitening
INFO:pygigicar:Done projecting
INFO:pygigicar:Normalizing...
INFO:pygigicar:Normalizing source signal
INFO:pygigicar:Computing negentropy
INFO:pygigicar:Starting with EGv=0.374567
INFO:pygigicar:gigicar component: 0/53
INFO:root:(161, 58104)
INFO:pygigicar:

Starting GIGICA at 2024-01-05 21:09:26.613741
INFO:pygigicar:Reference size (162, 58104)	Signal size (53, 58104)
INFO:pygigicar:Performing PCA reduction on signal
INFO:pygigicar:Performing PCA for 162 components
INFO:pygigicar:Whitening source signal
INFO:pygigicar:Done whitening
INFO:pygigicar:Done projecting
INFO:pygigicar:Normalizing...
INFO:pygigicar:Normalizing source signal
INFO:pygigicar:Computing negentropy
INFO:pygigicar:Starting with EGv=0.374567
INFO:pygigicar:gigicar component: 0/53
INFO:root:(161, 58104)
INFO:root:(161, 58104)
INFO:pygigicar:

Starting GIGICA at 2024-01-05 21:19:57.701229
INFO:pygigicar:Reference size (162, 58104)	Signal size (53, 58104)
INFO:pygigicar:Performing PCA reduction on signal
INFO:pygigicar:Performing PCA for 162 components
INFO:pygigicar:Whitening source signal
INFO:pygigicar:Done whitening
INFO:pygigicar:Done projecting
INFO:pygigicar:Normalizing...
INFO:pygigicar:Normalizing source signal
INFO:pygigicar:Computing negentropy
INFO:pygigicar:Starting with EGv=0.374567
INFO:pygigicar:gigicar component: 0/53
INFO:pygigicar:

Starting GIGICA at 2024-01-05 21:20:51.887606
INFO:pygigicar:Reference size (162, 58104)	Signal size (53, 58104)
INFO:pygigicar:Performing PCA reduction on signal
INFO:pygigicar:Performing PCA for 162 components
INFO:pygigicar:Whitening source signal
INFO:pygigicar:Done whitening
INFO:pygigicar:Done projecting
INFO:pygigicar:Normalizing...
INFO:pygigicar:Normalizing source signal
INFO:pygigicar:Computing negentropy
INFO:pygigicar:Starting with EGv=0.374567
INFO:pygigicar:gigicar component: 0/53
INFO:root:(161, 58104)
INFO:pygigicar:

Starting GIGICA at 2024-01-05 21:26:28.446358
INFO:pygigicar:Reference size (162, 58104)	Signal size (53, 58104)
INFO:pygigicar:Performing PCA reduction on signal
INFO:pygigicar:Performing PCA for 162 components
INFO:pygigicar:Whitening source signal
INFO:pygigicar:Done whitening
INFO:pygigicar:Done projecting
INFO:pygigicar:Normalizing...
INFO:pygigicar:Normalizing source signal
INFO:pygigicar:Computing negentropy
INFO:pygigicar:Starting with EGv=0.374567
INFO:pygigicar:gigicar component: 0/53
INFO:root:(161, 58104)
INFO:pygigicar:

Starting GIGICA at 2024-01-05 21:30:46.450922
INFO:pygigicar:Reference size (162, 58104)	Signal size (53, 58104)
INFO:pygigicar:Performing PCA reduction on signal
INFO:pygigicar:Performing PCA for 162 components
INFO:pygigicar:Whitening source signal
INFO:pygigicar:Done whitening
INFO:pygigicar:Done projecting
INFO:pygigicar:Normalizing...
INFO:pygigicar:Normalizing source signal
INFO:pygigicar:Computing negentropy
INFO:pygigicar:Starting with EGv=0.374567
INFO:pygigicar:gigicar component: 0/53
INFO:root:(161, 161)
INFO:pygigicar:

Starting GIGICA at 2024-01-05 22:03:11.528629
INFO:pygigicar:Reference size (162, 58104)	Signal size (53, 58104)
INFO:pygigicar:Performing PCA reduction on signal
INFO:pygigicar:Performing PCA for 162 components
INFO:pygigicar:Whitening source signal
INFO:pygigicar:Done whitening
INFO:pygigicar:Done projecting
INFO:pygigicar:Normalizing...
INFO:pygigicar:Normalizing source signal
INFO:pygigicar:Computing negentropy
INFO:pygigicar:Starting with EGv=0.374567
INFO:pygigicar:gigicar component: 0/53
INFO:root:(161, 1)
INFO:pygigicar:

Starting GIGICA at 2024-01-05 22:34:10.529992
INFO:pygigicar:Reference size (162, 58104)	Signal size (53, 58104)
INFO:pygigicar:Performing PCA reduction on signal
INFO:pygigicar:Performing PCA for 162 components
INFO:pygigicar:Whitening source signal
INFO:pygigicar:Done whitening
INFO:pygigicar:Done projecting
INFO:pygigicar:Normalizing...
INFO:pygigicar:Normalizing source signal
INFO:pygigicar:Computing negentropy
INFO:pygigicar:Starting with EGv=0.374567
INFO:pygigicar:gigicar component: 0/53
INFO:root:(161, 1)
INFO:pygigicar:

Starting GIGICA at 2024-01-05 22:37:10.990321
INFO:pygigicar:Reference size (162, 58104)	Signal size (53, 58104)
INFO:pygigicar:Performing PCA reduction on signal
INFO:pygigicar:Performing PCA for 162 components
INFO:pygigicar:Whitening source signal
INFO:pygigicar:Done whitening
INFO:pygigicar:Done projecting
INFO:pygigicar:Normalizing...
INFO:pygigicar:Normalizing source signal
INFO:pygigicar:Computing negentropy
INFO:pygigicar:Starting with EGv=0.374567
INFO:pygigicar:gigicar component: 0/53
INFO:root:(161, 1)
INFO:pygigicar:

Starting GIGICA at 2024-01-05 22:38:01.862057
INFO:pygigicar:Reference size (162, 58104)	Signal size (53, 58104)
INFO:pygigicar:Performing PCA reduction on signal
INFO:pygigicar:Performing PCA for 162 components
INFO:pygigicar:Whitening source signal
INFO:pygigicar:Done whitening
INFO:pygigicar:Done projecting
INFO:pygigicar:Normalizing...
INFO:pygigicar:Normalizing source signal
INFO:pygigicar:Computing negentropy
INFO:pygigicar:Starting with EGv=0.374567
INFO:pygigicar:gigicar component: 0/53
INFO:root:(161, 1)
INFO:pygigicar:

Starting GIGICA at 2024-01-05 22:43:41.513390
INFO:pygigicar:Reference size (162, 58104)	Signal size (53, 58104)
INFO:pygigicar:Performing PCA reduction on signal
INFO:pygigicar:Performing PCA for 162 components
INFO:pygigicar:Whitening source signal
INFO:pygigicar:Done whitening
INFO:pygigicar:Done projecting
INFO:pygigicar:Normalizing...
INFO:pygigicar:Normalizing source signal
INFO:pygigicar:Computing negentropy
INFO:pygigicar:Starting with EGv=0.374567
INFO:pygigicar:gigicar component: 0/53
INFO:root:(161, 1)
INFO:pygigicar:

Starting GIGICA at 2024-01-05 22:44:54.369588
INFO:pygigicar:Reference size (162, 58104)	Signal size (53, 58104)
INFO:pygigicar:Performing PCA reduction on signal
INFO:pygigicar:Performing PCA for 162 components
INFO:pygigicar:Whitening source signal
INFO:pygigicar:Done whitening
INFO:pygigicar:Done projecting
INFO:pygigicar:Normalizing...
INFO:pygigicar:Normalizing source signal
INFO:pygigicar:Computing negentropy
INFO:pygigicar:Starting with EGv=0.374567
INFO:pygigicar:gigicar component: 0/53
INFO:pygigicar:

Starting GIGICA at 2024-01-05 22:46:17.197383
INFO:pygigicar:Reference size (162, 58104)	Signal size (53, 58104)
INFO:pygigicar:Performing PCA reduction on signal
INFO:pygigicar:Performing PCA for 162 components
INFO:pygigicar:Whitening source signal
INFO:pygigicar:Done whitening
INFO:pygigicar:Done projecting
INFO:pygigicar:Normalizing...
INFO:pygigicar:Normalizing source signal
INFO:pygigicar:Computing negentropy
INFO:pygigicar:Starting with EGv=0.374567
INFO:pygigicar:gigicar component: 0/53
INFO:pygigicar:

Starting GIGICA at 2024-01-05 22:47:21.168941
INFO:pygigicar:Reference size (162, 58104)	Signal size (53, 58104)
INFO:pygigicar:Performing PCA reduction on signal
INFO:pygigicar:Performing PCA for 162 components
INFO:pygigicar:Whitening source signal
INFO:pygigicar:Done whitening
INFO:pygigicar:Done projecting
INFO:pygigicar:Normalizing...
INFO:pygigicar:Normalizing source signal
INFO:pygigicar:Computing negentropy
INFO:pygigicar:Starting with EGv=0.374567
INFO:pygigicar:gigicar component: 0/53
INFO:root:(161, 1)
INFO:pygigicar:

Starting GIGICA at 2024-01-05 22:48:34.266402
INFO:pygigicar:Reference size (162, 58104)	Signal size (53, 58104)
INFO:pygigicar:Performing PCA reduction on signal
INFO:pygigicar:Performing PCA for 162 components
INFO:pygigicar:Whitening source signal
INFO:pygigicar:Done whitening
INFO:pygigicar:Done projecting
INFO:pygigicar:Normalizing...
INFO:pygigicar:Normalizing source signal
INFO:pygigicar:Computing negentropy
INFO:pygigicar:Starting with EGv=0.374567
INFO:pygigicar:gigicar component: 0/53
INFO:root:(161, 1)
INFO:pygigicar:

Starting GIGICA at 2024-01-05 22:49:13.811703
INFO:pygigicar:Reference size (162, 58104)	Signal size (53, 58104)
INFO:pygigicar:Performing PCA reduction on signal
INFO:pygigicar:Performing PCA for 162 components
INFO:pygigicar:Whitening source signal
INFO:pygigicar:Done whitening
INFO:pygigicar:Done projecting
INFO:pygigicar:Normalizing...
INFO:pygigicar:Normalizing source signal
INFO:pygigicar:Computing negentropy
INFO:pygigicar:Starting with EGv=0.374567
INFO:pygigicar:gigicar component: 0/53
INFO:pygigicar:

Starting GIGICA at 2024-01-05 22:49:44.957809
INFO:pygigicar:Reference size (162, 58104)	Signal size (53, 58104)
INFO:pygigicar:Performing PCA reduction on signal
INFO:pygigicar:Performing PCA for 162 components
INFO:pygigicar:Whitening source signal
INFO:pygigicar:Done whitening
INFO:pygigicar:Done projecting
INFO:pygigicar:Normalizing...
INFO:pygigicar:Normalizing source signal
INFO:pygigicar:Computing negentropy
INFO:pygigicar:Starting with EGv=0.374567
INFO:pygigicar:gigicar component: 0/53
INFO:pygigicar:

Starting GIGICA at 2024-01-05 22:51:46.146484
INFO:pygigicar:Reference size (162, 58104)	Signal size (53, 58104)
INFO:pygigicar:Performing PCA reduction on signal
INFO:pygigicar:Performing PCA for 162 components
INFO:pygigicar:Whitening source signal
INFO:pygigicar:Done whitening
INFO:pygigicar:Done projecting
INFO:pygigicar:Normalizing...
INFO:pygigicar:Normalizing source signal
INFO:pygigicar:Computing negentropy
INFO:pygigicar:Starting with EGv=0.374567
INFO:pygigicar:gigicar component: 0/53
INFO:root:(161, 1)
INFO:pygigicar:

Starting GIGICA at 2024-01-05 22:53:54.967913
INFO:pygigicar:Reference size (162, 58104)	Signal size (53, 58104)
INFO:pygigicar:Performing PCA reduction on signal
INFO:pygigicar:Performing PCA for 162 components
INFO:pygigicar:Whitening source signal
INFO:pygigicar:Done whitening
INFO:pygigicar:Done projecting
INFO:pygigicar:Normalizing...
INFO:pygigicar:Normalizing source signal
INFO:pygigicar:Computing negentropy
INFO:pygigicar:Starting with EGv=0.374567
INFO:pygigicar:gigicar component: 0/53
INFO:pygigicar:

Starting GIGICA at 2024-01-05 22:54:30.988324
INFO:pygigicar:Reference size (162, 58104)	Signal size (53, 58104)
INFO:pygigicar:Performing PCA reduction on signal
INFO:pygigicar:Performing PCA for 162 components
INFO:pygigicar:Whitening source signal
INFO:pygigicar:Done whitening
INFO:pygigicar:Done projecting
INFO:pygigicar:Normalizing...
INFO:pygigicar:Normalizing source signal
INFO:pygigicar:Computing negentropy
INFO:pygigicar:Starting with EGv=0.374567
INFO:pygigicar:gigicar component: 0/53
INFO:root:(161, 1)
INFO:root:(161, 1)
INFO:root:(161, 1)
INFO:pygigicar:

Starting GIGICA at 2024-01-05 22:59:04.240098
INFO:pygigicar:Reference size (162, 58104)	Signal size (53, 58104)
INFO:pygigicar:Performing PCA reduction on signal
INFO:pygigicar:Performing PCA for 162 components
INFO:pygigicar:Whitening source signal
INFO:pygigicar:Done whitening
INFO:pygigicar:Done projecting
INFO:pygigicar:Normalizing...
INFO:pygigicar:Normalizing source signal
INFO:pygigicar:Computing negentropy
INFO:pygigicar:Starting with EGv=0.374567
INFO:pygigicar:gigicar component: 0/53
INFO:root:(161, 1)
INFO:root:(161, 1)
INFO:root:(161, 1)
INFO:root:(161, 1)
INFO:root:(161, 1)
INFO:root:(161, 1)
INFO:root:(161, 1)
INFO:root:(161, 1)
INFO:root:(161, 1)
INFO:root:(161, 1)
INFO:pygigicar:

Starting GIGICA at 2024-01-05 23:06:02.445551
INFO:pygigicar:Reference size (162, 58104)	Signal size (53, 58104)
INFO:pygigicar:Performing PCA reduction on signal
INFO:pygigicar:Performing PCA for 162 components
INFO:pygigicar:Whitening source signal
INFO:pygigicar:Done whitening
INFO:pygigicar:Done projecting
INFO:pygigicar:Normalizing...
INFO:pygigicar:Normalizing source signal
INFO:pygigicar:Computing negentropy
INFO:pygigicar:Starting with EGv=0.374567
INFO:pygigicar:gigicar component: 0/53
INFO:root:(161, 1)
INFO:root:(161, 1)
INFO:root:(161, 1)
INFO:root:(161, 1)
INFO:root:(161, 1)
INFO:root:(161, 1)
INFO:root:(161, 1)
INFO:root:(161, 1)
INFO:root:(161, 1)
INFO:root:(161, 1)
INFO:pygigicar:gigicar component: 1/53
INFO:root:(161, 1)
INFO:root:(161, 1)
INFO:root:(161, 1)
INFO:root:(161, 1)
INFO:root:(161, 1)
INFO:root:(161, 1)
INFO:root:(161, 1)
INFO:root:(161, 1)
INFO:root:(161, 1)
INFO:root:(161, 1)
INFO:pygigicar:gigicar component: 2/53
INFO:root:(161, 1)
INFO:root:(161, 1)
INFO:root:(161, 1)
INFO:root:(161, 1)
INFO:root:(161, 1)
INFO:root:(161, 1)
INFO:root:(161, 1)
INFO:root:(161, 1)
INFO:root:(161, 1)
INFO:root:(161, 1)
INFO:pygigicar:gigicar component: 3/53
INFO:root:(161, 1)
INFO:root:(161, 1)
INFO:root:(161, 1)
INFO:root:(161, 1)
INFO:root:(161, 1)
INFO:root:(161, 1)
INFO:root:(161, 1)
INFO:root:(161, 1)
INFO:root:(161, 1)
INFO:root:(161, 1)
INFO:pygigicar:gigicar component: 4/53
INFO:root:(161, 1)
INFO:root:(161, 1)
INFO:root:(161, 1)
INFO:root:(161, 1)
INFO:root:(161, 1)
INFO:root:(161, 1)
INFO:root:(161, 1)
INFO:root:(161, 1)
INFO:root:(161, 1)
INFO:root:(161, 1)
INFO:pygigicar:gigicar component: 5/53
INFO:root:(161, 1)
INFO:root:(161, 1)
INFO:root:(161, 1)
INFO:root:(161, 1)
INFO:root:(161, 1)
INFO:root:(161, 1)
INFO:root:(161, 1)
INFO:root:(161, 1)
INFO:root:(161, 1)
INFO:root:(161, 1)
INFO:pygigicar:gigicar component: 6/53
INFO:root:(161, 1)
INFO:root:(161, 1)
INFO:root:(161, 1)
INFO:root:(161, 1)
INFO:root:(161, 1)
INFO:root:(161, 1)
INFO:root:(161, 1)
INFO:root:(161, 1)
INFO:root:(161, 1)
INFO:root:(161, 1)
INFO:pygigicar:gigicar component: 7/53
INFO:root:(161, 1)
INFO:root:(161, 1)
INFO:root:(161, 1)
INFO:root:(161, 1)
INFO:root:(161, 1)
INFO:root:(161, 1)
INFO:root:(161, 1)
INFO:root:(161, 1)
INFO:root:(161, 1)
INFO:root:(161, 1)
INFO:pygigicar:gigicar component: 8/53
INFO:root:(161, 1)
INFO:root:(161, 1)
INFO:root:(161, 1)
INFO:root:(161, 1)
INFO:root:(161, 1)
INFO:root:(161, 1)
INFO:root:(161, 1)
INFO:root:(161, 1)
INFO:root:(161, 1)
INFO:root:(161, 1)
INFO:pygigicar:gigicar component: 9/53
INFO:root:(161, 1)
INFO:root:(161, 1)
INFO:root:(161, 1)
INFO:root:(161, 1)
INFO:root:(161, 1)
INFO:root:(161, 1)
INFO:root:(161, 1)
INFO:root:(161, 1)
INFO:root:(161, 1)
INFO:root:(161, 1)
INFO:pygigicar:gigicar component: 10/53
INFO:root:(161, 1)
INFO:root:(161, 1)
INFO:root:(161, 1)
INFO:root:(161, 1)
INFO:root:(161, 1)
INFO:root:(161, 1)
INFO:root:(161, 1)
INFO:root:(161, 1)
INFO:root:(161, 1)
INFO:root:(161, 1)
INFO:pygigicar:gigicar component: 11/53
INFO:root:(161, 1)
INFO:root:(161, 1)
INFO:root:(161, 1)
INFO:root:(161, 1)
INFO:root:(161, 1)
INFO:root:(161, 1)
INFO:root:(161, 1)
INFO:root:(161, 1)
INFO:root:(161, 1)
INFO:root:(161, 1)
INFO:pygigicar:gigicar component: 12/53
INFO:root:(161, 1)
INFO:root:(161, 1)
INFO:root:(161, 1)
INFO:root:(161, 1)
INFO:root:(161, 1)
INFO:root:(161, 1)
INFO:root:(161, 1)
INFO:root:(161, 1)
INFO:root:(161, 1)
INFO:root:(161, 1)
INFO:pygigicar:gigicar component: 13/53
INFO:root:(161, 1)
INFO:root:(161, 1)
INFO:root:(161, 1)
INFO:root:(161, 1)
INFO:root:(161, 1)
INFO:root:(161, 1)
INFO:root:(161, 1)
INFO:root:(161, 1)
INFO:root:(161, 1)
INFO:root:(161, 1)
INFO:pygigicar:gigicar component: 14/53
INFO:root:(161, 1)
INFO:root:(161, 1)
INFO:root:(161, 1)
INFO:root:(161, 1)
INFO:root:(161, 1)
INFO:root:(161, 1)
INFO:root:(161, 1)
INFO:root:(161, 1)
INFO:root:(161, 1)
INFO:root:(161, 1)
INFO:pygigicar:gigicar component: 15/53
INFO:root:(161, 1)
INFO:root:(161, 1)
INFO:root:(161, 1)
INFO:root:(161, 1)
INFO:root:(161, 1)
INFO:root:(161, 1)
INFO:root:(161, 1)
INFO:root:(161, 1)
INFO:root:(161, 1)
INFO:root:(161, 1)
INFO:pygigicar:gigicar component: 16/53
INFO:root:(161, 1)
INFO:root:(161, 1)
INFO:root:(161, 1)
INFO:root:(161, 1)
INFO:root:(161, 1)
INFO:root:(161, 1)
INFO:root:(161, 1)
INFO:root:(161, 1)
INFO:root:(161, 1)
INFO:root:(161, 1)
INFO:pygigicar:gigicar component: 17/53
INFO:root:(161, 1)
INFO:root:(161, 1)
INFO:root:(161, 1)
INFO:root:(161, 1)
INFO:root:(161, 1)
INFO:root:(161, 1)
INFO:root:(161, 1)
INFO:root:(161, 1)
INFO:root:(161, 1)
INFO:root:(161, 1)
INFO:pygigicar:gigicar component: 18/53
INFO:root:(161, 1)
INFO:root:(161, 1)
INFO:root:(161, 1)
INFO:root:(161, 1)
INFO:root:(161, 1)
INFO:root:(161, 1)
INFO:root:(161, 1)
INFO:root:(161, 1)
INFO:root:(161, 1)
INFO:root:(161, 1)
INFO:pygigicar:gigicar component: 19/53
INFO:root:(161, 1)
INFO:root:(161, 1)
INFO:root:(161, 1)
INFO:root:(161, 1)
INFO:root:(161, 1)
INFO:root:(161, 1)
INFO:root:(161, 1)
INFO:root:(161, 1)
INFO:root:(161, 1)
INFO:root:(161, 1)
INFO:pygigicar:gigicar component: 20/53
INFO:root:(161, 1)
INFO:root:(161, 1)
INFO:root:(161, 1)
INFO:root:(161, 1)
INFO:root:(161, 1)
INFO:root:(161, 1)
INFO:root:(161, 1)
INFO:root:(161, 1)
INFO:root:(161, 1)
INFO:root:(161, 1)
INFO:pygigicar:gigicar component: 21/53
INFO:root:(161, 1)
INFO:root:(161, 1)
INFO:root:(161, 1)
INFO:root:(161, 1)
INFO:root:(161, 1)
INFO:root:(161, 1)
INFO:root:(161, 1)
INFO:root:(161, 1)
INFO:root:(161, 1)
INFO:root:(161, 1)
INFO:pygigicar:gigicar component: 22/53
INFO:root:(161, 1)
INFO:root:(161, 1)
INFO:root:(161, 1)
INFO:root:(161, 1)
INFO:root:(161, 1)
INFO:root:(161, 1)
INFO:root:(161, 1)
INFO:root:(161, 1)
INFO:root:(161, 1)
INFO:root:(161, 1)
INFO:pygigicar:gigicar component: 23/53
INFO:root:(161, 1)
INFO:root:(161, 1)
INFO:root:(161, 1)
INFO:root:(161, 1)
INFO:root:(161, 1)
INFO:root:(161, 1)
INFO:root:(161, 1)
INFO:root:(161, 1)
INFO:root:(161, 1)
INFO:root:(161, 1)
INFO:pygigicar:gigicar component: 24/53
INFO:root:(161, 1)
INFO:root:(161, 1)
INFO:root:(161, 1)
INFO:root:(161, 1)
INFO:root:(161, 1)
INFO:root:(161, 1)
INFO:root:(161, 1)
INFO:root:(161, 1)
INFO:root:(161, 1)
INFO:root:(161, 1)
INFO:pygigicar:gigicar component: 25/53
INFO:root:(161, 1)
INFO:root:(161, 1)
INFO:root:(161, 1)
INFO:root:(161, 1)
INFO:root:(161, 1)
INFO:root:(161, 1)
INFO:root:(161, 1)
INFO:root:(161, 1)
INFO:root:(161, 1)
INFO:root:(161, 1)
INFO:pygigicar:gigicar component: 26/53
INFO:root:(161, 1)
INFO:root:(161, 1)
INFO:root:(161, 1)
INFO:root:(161, 1)
INFO:root:(161, 1)
INFO:root:(161, 1)
INFO:root:(161, 1)
INFO:root:(161, 1)
INFO:root:(161, 1)
INFO:root:(161, 1)
INFO:pygigicar:gigicar component: 27/53
INFO:root:(161, 1)
INFO:root:(161, 1)
INFO:root:(161, 1)
INFO:root:(161, 1)
INFO:root:(161, 1)
INFO:root:(161, 1)
INFO:root:(161, 1)
INFO:root:(161, 1)
INFO:root:(161, 1)
INFO:root:(161, 1)
INFO:pygigicar:gigicar component: 28/53
INFO:root:(161, 1)
INFO:root:(161, 1)
INFO:root:(161, 1)
INFO:root:(161, 1)
INFO:root:(161, 1)
INFO:root:(161, 1)
INFO:root:(161, 1)
INFO:root:(161, 1)
INFO:root:(161, 1)
INFO:root:(161, 1)
INFO:pygigicar:gigicar component: 29/53
INFO:root:(161, 1)
INFO:root:(161, 1)
INFO:root:(161, 1)
INFO:root:(161, 1)
INFO:root:(161, 1)
INFO:root:(161, 1)
INFO:root:(161, 1)
INFO:root:(161, 1)
INFO:root:(161, 1)
INFO:root:(161, 1)
INFO:pygigicar:gigicar component: 30/53
INFO:root:(161, 1)
INFO:root:(161, 1)
INFO:root:(161, 1)
INFO:root:(161, 1)
INFO:root:(161, 1)
INFO:root:(161, 1)
INFO:root:(161, 1)
INFO:root:(161, 1)
INFO:root:(161, 1)
INFO:root:(161, 1)
INFO:pygigicar:gigicar component: 31/53
INFO:root:(161, 1)
INFO:root:(161, 1)
INFO:root:(161, 1)
INFO:root:(161, 1)
INFO:root:(161, 1)
INFO:root:(161, 1)
INFO:root:(161, 1)
INFO:root:(161, 1)
INFO:root:(161, 1)
INFO:root:(161, 1)
INFO:pygigicar:gigicar component: 32/53
INFO:root:(161, 1)
INFO:root:(161, 1)
INFO:root:(161, 1)
INFO:root:(161, 1)
INFO:root:(161, 1)
INFO:root:(161, 1)
INFO:root:(161, 1)
INFO:root:(161, 1)
INFO:root:(161, 1)
INFO:root:(161, 1)
INFO:pygigicar:gigicar component: 33/53
INFO:root:(161, 1)
INFO:root:(161, 1)
INFO:root:(161, 1)
INFO:root:(161, 1)
INFO:root:(161, 1)
INFO:root:(161, 1)
INFO:root:(161, 1)
INFO:root:(161, 1)
INFO:root:(161, 1)
INFO:root:(161, 1)
INFO:pygigicar:gigicar component: 34/53
INFO:root:(161, 1)
INFO:root:(161, 1)
INFO:root:(161, 1)
INFO:root:(161, 1)
INFO:root:(161, 1)
INFO:root:(161, 1)
INFO:root:(161, 1)
INFO:root:(161, 1)
INFO:root:(161, 1)
INFO:root:(161, 1)
INFO:pygigicar:gigicar component: 35/53
INFO:root:(161, 1)
INFO:root:(161, 1)
INFO:root:(161, 1)
INFO:root:(161, 1)
INFO:root:(161, 1)
INFO:root:(161, 1)
INFO:root:(161, 1)
INFO:root:(161, 1)
INFO:root:(161, 1)
INFO:root:(161, 1)
INFO:pygigicar:gigicar component: 36/53
INFO:root:(161, 1)
INFO:root:(161, 1)
INFO:root:(161, 1)
INFO:root:(161, 1)
INFO:root:(161, 1)
INFO:root:(161, 1)
INFO:root:(161, 1)
INFO:root:(161, 1)
INFO:root:(161, 1)
INFO:root:(161, 1)
INFO:pygigicar:gigicar component: 37/53
INFO:root:(161, 1)
INFO:root:(161, 1)
INFO:root:(161, 1)
INFO:root:(161, 1)
INFO:root:(161, 1)
INFO:root:(161, 1)
INFO:root:(161, 1)
INFO:root:(161, 1)
INFO:root:(161, 1)
INFO:root:(161, 1)
INFO:pygigicar:gigicar component: 38/53
INFO:root:(161, 1)
INFO:root:(161, 1)
INFO:root:(161, 1)
INFO:root:(161, 1)
INFO:root:(161, 1)
INFO:root:(161, 1)
INFO:root:(161, 1)
INFO:root:(161, 1)
INFO:root:(161, 1)
INFO:root:(161, 1)
INFO:pygigicar:gigicar component: 39/53
INFO:root:(161, 1)
INFO:root:(161, 1)
INFO:root:(161, 1)
INFO:root:(161, 1)
INFO:root:(161, 1)
INFO:root:(161, 1)
INFO:root:(161, 1)
INFO:root:(161, 1)
INFO:root:(161, 1)
INFO:root:(161, 1)
INFO:pygigicar:gigicar component: 40/53
INFO:root:(161, 1)
INFO:root:(161, 1)
INFO:root:(161, 1)
INFO:root:(161, 1)
INFO:root:(161, 1)
INFO:root:(161, 1)
INFO:root:(161, 1)
INFO:root:(161, 1)
INFO:root:(161, 1)
INFO:root:(161, 1)
INFO:pygigicar:gigicar component: 41/53
INFO:root:(161, 1)
INFO:root:(161, 1)
INFO:root:(161, 1)
INFO:root:(161, 1)
INFO:root:(161, 1)
INFO:root:(161, 1)
INFO:root:(161, 1)
INFO:root:(161, 1)
INFO:root:(161, 1)
INFO:root:(161, 1)
INFO:pygigicar:gigicar component: 42/53
INFO:root:(161, 1)
INFO:root:(161, 1)
INFO:root:(161, 1)
INFO:root:(161, 1)
INFO:root:(161, 1)
INFO:root:(161, 1)
INFO:root:(161, 1)
INFO:root:(161, 1)
INFO:root:(161, 1)
INFO:root:(161, 1)
INFO:pygigicar:gigicar component: 43/53
INFO:root:(161, 1)
INFO:root:(161, 1)
INFO:root:(161, 1)
INFO:root:(161, 1)
INFO:root:(161, 1)
INFO:root:(161, 1)
INFO:root:(161, 1)
INFO:root:(161, 1)
INFO:root:(161, 1)
INFO:root:(161, 1)
INFO:pygigicar:gigicar component: 44/53
INFO:root:(161, 1)
INFO:root:(161, 1)
INFO:root:(161, 1)
INFO:root:(161, 1)
INFO:root:(161, 1)
INFO:root:(161, 1)
INFO:root:(161, 1)
INFO:root:(161, 1)
INFO:root:(161, 1)
INFO:root:(161, 1)
INFO:pygigicar:gigicar component: 45/53
INFO:root:(161, 1)
INFO:root:(161, 1)
INFO:root:(161, 1)
INFO:root:(161, 1)
INFO:root:(161, 1)
INFO:root:(161, 1)
INFO:root:(161, 1)
INFO:root:(161, 1)
INFO:root:(161, 1)
INFO:root:(161, 1)
INFO:pygigicar:gigicar component: 46/53
INFO:root:(161, 1)
INFO:root:(161, 1)
INFO:root:(161, 1)
INFO:root:(161, 1)
INFO:root:(161, 1)
INFO:root:(161, 1)
INFO:root:(161, 1)
INFO:root:(161, 1)
INFO:root:(161, 1)
INFO:root:(161, 1)
INFO:pygigicar:gigicar component: 47/53
INFO:root:(161, 1)
INFO:root:(161, 1)
INFO:root:(161, 1)
INFO:root:(161, 1)
INFO:root:(161, 1)
INFO:root:(161, 1)
INFO:root:(161, 1)
INFO:root:(161, 1)
INFO:root:(161, 1)
INFO:root:(161, 1)
INFO:pygigicar:gigicar component: 48/53
INFO:root:(161, 1)
INFO:root:(161, 1)
INFO:root:(161, 1)
INFO:root:(161, 1)
INFO:root:(161, 1)
INFO:root:(161, 1)
INFO:root:(161, 1)
INFO:root:(161, 1)
INFO:root:(161, 1)
INFO:root:(161, 1)
INFO:pygigicar:gigicar component: 49/53
INFO:root:(161, 1)
INFO:root:(161, 1)
INFO:root:(161, 1)
INFO:root:(161, 1)
INFO:root:(161, 1)
INFO:root:(161, 1)
INFO:root:(161, 1)
INFO:root:(161, 1)
INFO:root:(161, 1)
INFO:root:(161, 1)
INFO:pygigicar:gigicar component: 50/53
INFO:root:(161, 1)
INFO:root:(161, 1)
INFO:root:(161, 1)
INFO:root:(161, 1)
INFO:root:(161, 1)
INFO:root:(161, 1)
INFO:root:(161, 1)
INFO:root:(161, 1)
INFO:root:(161, 1)
INFO:root:(161, 1)
INFO:pygigicar:gigicar component: 51/53
INFO:root:(161, 1)
INFO:root:(161, 1)
INFO:root:(161, 1)
INFO:root:(161, 1)
INFO:root:(161, 1)
INFO:root:(161, 1)
INFO:root:(161, 1)
INFO:root:(161, 1)
INFO:root:(161, 1)
INFO:root:(161, 1)
INFO:pygigicar:gigicar component: 52/53
INFO:root:(161, 1)
INFO:root:(161, 1)
INFO:root:(161, 1)
INFO:root:(161, 1)
INFO:root:(161, 1)
INFO:root:(161, 1)
INFO:root:(161, 1)
INFO:root:(161, 1)
INFO:root:(161, 1)
INFO:root:(161, 1)
